<?xml version="1.0" encoding="utf-8"?><testsuites name="pytest tests"><testsuite name="pytest" errors="0" failures="0" skipped="0" tests="18" time="2.893" timestamp="2026-03-05T11:53:53.347800+00:00" hostname="agent-env-0275cd5d-feb2-4777-8b89-8efa6782286d"><testcase classname="backend.tests.test_kent_schools.TestSchoolsAPI" name="test_get_all_schools" time="0.221" /><testcase classname="backend.tests.test_kent_schools.TestSchoolsAPI" name="test_schools_have_academic_data" time="0.168" /><testcase classname="backend.tests.test_kent_schools.TestSchoolsAPI" name="test_filter_schools_by_gender" time="0.312" /><testcase classname="backend.tests.test_kent_schools.TestSchoolsAPI" name="test_sort_schools_by_competition" time="0.106" /><testcase classname="backend.tests.test_kent_schools.TestSchoolsAPI" name="test_search_schools" time="0.102" /><testcase classname="backend.tests.test_kent_schools.TestSchoolDetail" name="test_get_school_by_slug" time="0.107" /><testcase classname="backend.tests.test_kent_schools.TestSchoolDetail" name="test_school_detail_has_academic_performance" time="0.102" /><testcase classname="backend.tests.test_kent_schools.TestSchoolDetail" name="test_school_not_found" time="0.145" /><testcase classname="backend.tests.test_kent_schools.TestSchoolComparison" name="test_compare_schools" time="0.219" /><testcase classname="backend.tests.test_kent_schools.TestSchoolComparison" name="test_compare_too_few_schools" time="0.217" /><testcase classname="backend.tests.test_kent_schools.TestStatsSummary" name="test_get_stats_summary" time="0.117" /><testcase classname="backend.tests.test_kent_schools.TestPapersAPI" name="test_list_papers" time="0.109" /><testcase classname="backend.tests.test_kent_schools.TestPapersAPI" name="test_download_bond_maths_paper" time="0.159" /><testcase classname="backend.tests.test_kent_schools.TestPapersAPI" name="test_download_bond_english_paper" time="0.148" /><testcase classname="backend.tests.test_kent_schools.TestPapersAPI" name="test_download_cgp_vr_paper" time="0.158" /><testcase classname="backend.tests.test_kent_schools.TestPapersAPI" name="test_download_nvr_paper" time="0.170" /><testcase classname="backend.tests.test_kent_schools.TestPapersAPI" name="test_paper_not_found" time="0.108" /><testcase classname="backend.tests.test_kent_schools.TestRootEndpoint" name="test_api_root" time="0.097" /></testsuite></testsuites>