<?xml version="1.0" encoding="utf-8"?><testsuites name="pytest tests"><testsuite name="pytest" errors="0" failures="0" skipped="0" tests="31" time="5.421" timestamp="2026-03-05T12:45:10.450944+00:00" hostname="agent-env-71ab574f-4133-4315-8bd3-5dc7dbe97a37"><testcase classname="backend.tests.test_kent_schools.TestSchoolsAPI" name="test_get_all_schools" time="0.135" /><testcase classname="backend.tests.test_kent_schools.TestSchoolsAPI" name="test_schools_have_academic_data" time="0.159" /><testcase classname="backend.tests.test_kent_schools.TestSchoolsAPI" name="test_filter_schools_by_gender" time="0.340" /><testcase classname="backend.tests.test_kent_schools.TestSchoolsAPI" name="test_sort_schools_by_competition" time="0.095" /><testcase classname="backend.tests.test_kent_schools.TestSchoolsAPI" name="test_search_schools" time="0.098" /><testcase classname="backend.tests.test_kent_schools.TestSchoolDetail" name="test_get_school_by_slug" time="0.097" /><testcase classname="backend.tests.test_kent_schools.TestSchoolDetail" name="test_school_detail_has_academic_performance" time="0.105" /><testcase classname="backend.tests.test_kent_schools.TestSchoolDetail" name="test_school_not_found" time="0.108" /><testcase classname="backend.tests.test_kent_schools.TestSchoolComparison" name="test_compare_schools" time="0.237" /><testcase classname="backend.tests.test_kent_schools.TestSchoolComparison" name="test_compare_too_few_schools" time="0.258" /><testcase classname="backend.tests.test_kent_schools.TestStatsSummary" name="test_get_stats_summary" time="0.098" /><testcase classname="backend.tests.test_kent_schools.TestPapersAPI" name="test_list_papers" time="0.102" /><testcase classname="backend.tests.test_kent_schools.TestPapersAPI" name="test_download_bond_maths_paper" time="0.157" /><testcase classname="backend.tests.test_kent_schools.TestPapersAPI" name="test_download_bond_english_paper" time="0.165" /><testcase classname="backend.tests.test_kent_schools.TestPapersAPI" name="test_download_cgp_vr_paper" time="0.174" /><testcase classname="backend.tests.test_kent_schools.TestPapersAPI" name="test_download_nvr_paper" time="0.154" /><testcase classname="backend.tests.test_kent_schools.TestPapersAPI" name="test_paper_not_found" time="0.110" /><testcase classname="backend.tests.test_kent_schools.TestRootEndpoint" name="test_api_root" time="0.102" /><testcase classname="backend.tests.test_open_events_cutoff.TestOpenEventsAPI" name="test_get_all_open_events" time="0.098" /><testcase classname="backend.tests.test_open_events_cutoff.TestOpenEventsAPI" name="test_filter_events_by_school" time="0.105" /><testcase classname="backend.tests.test_open_events_cutoff.TestOpenEventsAPI" name="test_create_and_delete_open_event" time="0.402" /><testcase classname="backend.tests.test_open_events_cutoff.TestOpenEventsAPI" name="test_delete_nonexistent_event" time="0.102" /><testcase classname="backend.tests.test_open_events_cutoff.TestCutOffScoresAPI" name="test_get_all_cut_off_scores" time="0.102" /><testcase classname="backend.tests.test_open_events_cutoff.TestCutOffScoresAPI" name="test_filter_scores_by_year" time="0.112" /><testcase classname="backend.tests.test_open_events_cutoff.TestCutOffScoresAPI" name="test_filter_scores_by_school" time="0.098" /><testcase classname="backend.tests.test_open_events_cutoff.TestCutOffScoresAPI" name="test_create_and_delete_cut_off_score" time="0.431" /><testcase classname="backend.tests.test_open_events_cutoff.TestCutOffScoresAPI" name="test_delete_nonexistent_score" time="0.109" /><testcase classname="backend.tests.test_open_events_cutoff.TestScrapeSchoolPage" name="test_scrape_valid_url" time="0.689" /><testcase classname="backend.tests.test_open_events_cutoff.TestScrapeSchoolPage" name="test_scrape_invalid_url" time="0.143" /><testcase classname="backend.tests.test_open_events_cutoff.TestOpenEventsDataQuality" name="test_events_have_required_fields" time="0.130" /><testcase classname="backend.tests.test_open_events_cutoff.TestCutOffScoresDataQuality" name="test_scores_have_required_fields" time="0.113" /></testsuite></testsuites>